<?xml version="1.0" encoding="UTF-8"?>
<testsuite xmlns:xsi="http://www.w3.org/2001/XMLSchema-instance" xsi:noNamespaceSchemaLocation="https://maven.apache.org/surefire/maven-surefire-plugin/xsd/surefire-test-report-3.0.xsd" version="3.0" name="healenium.HealeniumAppium" time="105.134" tests="1" errors="0" skipped="0" failures="0">
  <properties>
[...]
</properties>
  <testcase name="cambiandoSelector" classname="healenium.HealeniumAppium" time="46.424">
    <system-err><![CDATA[nov 02, 2022 11:47:42 A. M. io.appium.java_client.remote.AppiumCommandExecutor$1 lambda$0
INFO: Detected dialect: W3C
nov 02, 2022 11:48:08 A. M. io.appium.java_client.remote.AppiumCommandExecutor$1 lambda$0
INFO: Detected dialect: W3C
[main] WARN com.epam.healenium.processor.FindElementProcessor - Failed to find an element using locator By.xpath: //android.widget.EditText[@resource-id='change:name']
Reason: An element could not be located on the page using the given search parameters.
For documentation on this error, please visit: https://www.seleniumhq.org/exceptions/no_such_element.html
Build info: version: '3.141.59', revision: 'e82be7d358', time: '2018-11-14T08:17:03'
System info: host: 'DESKTOP-VLI3UHB', ip: '192.168.56.1', os.name: 'Windows 11', os.arch: 'amd64', os.version: '10.0', java.version: '17.0.2'
Driver info: io.appium.java_client.android.AndroidDriver
Capabilities {appActivity: com.google.android.apps.chr..., appPackage: com.android.chrome, autoGrantPermissions: true, databaseEnabled: false, desired: {appActivity: com.google.android.apps.chr..., appPackage: com.android.chrome, autoGrantPermissions: true, deviceName: 23cebc82, noReset: true, platformName: android, platformVersion: 12}, deviceApiLevel: 31, deviceManufacturer: Xiaomi, deviceModel: M2012K11AG, deviceName: 23cebc82, deviceScreenDensity: 440, deviceScreenSize: 1080x2400, deviceUDID: 23cebc82, javascriptEnabled: true, locationContextEnabled: false, networkConnectionEnabled: true, noReset: true, pixelRatio: 2.75, platform: LINUX, platformName: Android, platformVersion: 12, statBarHeight: 80, takesScreenshot: true, viewportRect: {height: 2110, left: 0, top: 80, width: 1080}, warnings: {}, webStorageEnabled: false}
Session ID: 76e3e89f-eb1f-43cf-adf1-372a96e97ca0
*** Element info: {Using=xpath, value=//android.widget.EditText[@resource-id='change:name']}
Trying to heal...
[main] WARN com.epam.healenium.processor.SaveHealingResultsProcessor - Using healed locator: Scored(score=0.882159090909091, value=By.xpath: //android.widget.EditText[@resource-id = 'change_wait'])
]]></system-err>
  </testcase>
</testsuite>